<?xml version="1.0" encoding="UTF-8"?>
<!-- Generated by org.testng.reporters.JUnitReportReporter -->
<testsuite hostname="Mitesh-PC" name="TestngAnnotations" tests="4" failures="0" timestamp="6 Jan 2020 14:10:59 GMT" time="0.020" errors="0">
  <testcase name="demo" time="0.001" classname="TestngAnnotations"/>
  <testcase name="demo" time="0.001" classname="TestngAnnotations"/>
  <testcase name="demo" time="0.001" classname="TestngAnnotations"/>
  <testcase name="demo2" time="0.017" classname="TestngAnnotations"/>
</testsuite> <!-- TestngAnnotations -->
