<?xml version="1.0" encoding="UTF-8"?>
<!-- Generated by org.testng.reporters.JUnitReportReporter -->
<testsuite hostname="Mitesh-PC" name="AssertDemo" tests="1" failures="0" timestamp="8 Jan 2020 08:49:05 GMT" time="0.021" errors="0">
  <testcase name="demo" time="0.021" classname="AssertDemo"/>
</testsuite> <!-- AssertDemo -->
