<?xml version="1.0" encoding="UTF-8"?>
<!-- Generated by org.testng.reporters.JUnitReportReporter -->
<testsuite hostname="Mitesh-PC" name="Bluestone9" tests="1" failures="0" timestamp="6 Jan 2020 14:46:21 GMT" time="22.226" errors="0">
  <testcase name="bluestone" time="22.226" classname="Bluestone9"/>
</testsuite> <!-- Bluestone9 -->
