<?xml version="1.0" encoding="UTF-8"?>
<!-- Generated by org.testng.reporters.JUnitReportReporter -->
<testsuite hostname="Mitesh-PC" name="Bluestone8Testng" tests="1" failures="0" timestamp="6 Jan 2020 16:09:03 GMT" time="20.499" errors="0">
  <testcase name="bluestone" time="20.499" classname="Bluestone8Testng"/>
</testsuite> <!-- Bluestone8Testng -->
