<?xml version="1.0" encoding="UTF-8"?>
<!-- Generated by org.testng.reporters.JUnitReportReporter -->
<testsuite hostname="Mitesh-PC" name="Bluestone11Testng" tests="1" failures="0" timestamp="6 Jan 2020 08:11:29 GMT" time="198.476" errors="0">
  <testcase name="bluestone" time="198.476" classname="Bluestone11Testng"/>
</testsuite> <!-- Bluestone11Testng -->
