<?xml version="1.0" encoding="UTF-8"?>
<!-- Generated by org.testng.reporters.JUnitReportReporter -->
<testsuite hostname="Mitesh-PC" name="DataproviderDemo" tests="3" failures="0" timestamp="8 Jan 2020 09:58:35 GMT" time="0.021" errors="0">
  <testcase name="createUser" time="0.003" classname="DataproviderDemo"/>
  <testcase name="createUser" time="0.015" classname="DataproviderDemo"/>
  <testcase name="createUser" time="0.003" classname="DataproviderDemo"/>
</testsuite> <!-- DataproviderDemo -->
