<?xml version="1.0" encoding="UTF-8"?>
<!-- Generated by org.testng.reporters.JUnitReportReporter -->
<testsuite hostname="Mitesh-PC" name="ReadDataProvider" tests="5" failures="0" timestamp="9 Jan 2020 08:56:15 GMT" time="0.023" errors="0">
  <testcase name="demo" time="0.001" classname="ReadDataProvider"/>
  <testcase name="demo" time="0.002" classname="ReadDataProvider"/>
  <testcase name="demo" time="0.002" classname="ReadDataProvider"/>
  <testcase name="demo" time="0.015" classname="ReadDataProvider"/>
  <testcase name="demo" time="0.003" classname="ReadDataProvider"/>
</testsuite> <!-- ReadDataProvider -->
