<?xml version="1.0" encoding="UTF-8"?>
<!-- Generated by org.testng.reporters.JUnitReportReporter -->
<testsuite hostname="Mitesh-PC" name="BluestoneTestng" tests="1" failures="0" timestamp="4 Jan 2020 09:46:52 GMT" time="21.371" errors="0">
  <testcase name="demo" time="21.371" classname="BluestoneTestng"/>
</testsuite> <!-- BluestoneTestng -->
