<?xml version="1.0" encoding="UTF-8"?>
<!-- Generated by org.testng.reporters.JUnitReportReporter -->
<testsuite hostname="Mitesh-PC" name="Yatre" tests="1" failures="0" timestamp="6 Jan 2020 14:31:33 GMT" time="39.350" errors="0">
  <testcase name="bluestone" time="39.350" classname="Yatre"/>
</testsuite> <!-- Yatre -->
