<?xml version="1.0" encoding="UTF-8"?>
<!-- Generated by org.testng.reporters.JUnitReportReporter -->
<testsuite hostname="Mitesh-PC" name="TestngGroups" tests="6" failures="0" timestamp="7 Jan 2020 08:31:16 GMT" time="0.020" errors="0">
  <testcase name="demo3" time="0.001" classname="TestngGroups"/>
  <testcase name="demo" time="0.001" classname="TestngGroups"/>
  <testcase name="demo4" time="0.001" classname="TestngGroups"/>
  <testcase name="demo5" time="0.001" classname="TestngGroups"/>
  <testcase name="demo1" time="0.002" classname="TestngGroups"/>
  <testcase name="demo2" time="0.014" classname="TestngGroups"/>
</testsuite> <!-- TestngGroups -->
