<?xml version="1.0" encoding="UTF-8"?>
<!-- Generated by org.testng.reporters.JUnitReportReporter -->
<testsuite hostname="Mitesh-PC" name="Bluestone6Testng" tests="1" failures="0" timestamp="6 Jan 2020 16:54:45 GMT" time="20.975" errors="0">
  <testcase name="bluestone" time="20.975" classname="Bluestone6Testng"/>
</testsuite> <!-- Bluestone6Testng -->
