<?xml version="1.0" encoding="UTF-8"?>
<!-- Generated by org.testng.reporters.JUnitReportReporter -->
<testsuite hostname="Mitesh-PC" name="BeforeAfterMethodTestng" tests="2" failures="0" timestamp="6 Jan 2020 08:56:56 GMT" time="53.688" errors="0">
  <testcase name="demo" time="26.017" classname="BeforeAfterMethodTestng"/>
  <testcase name="demo1" time="27.671" classname="BeforeAfterMethodTestng"/>
</testsuite> <!-- BeforeAfterMethodTestng -->
