<?xml version="1.0" encoding="UTF-8"?>
<!-- Generated by org.testng.reporters.JUnitReportReporter -->
<testsuite hostname="Mitesh-PC" name="DataProviderFb" tests="3" failures="0" timestamp="8 Jan 2020 16:36:20 GMT" time="93.073" errors="0">
  <testcase name="fbLogin" time="37.092" classname="DataProviderFb"/>
  <testcase name="fbLogin" time="25.552" classname="DataProviderFb"/>
  <testcase name="fbLogin" time="30.429" classname="DataProviderFb"/>
</testsuite> <!-- DataProviderFb -->
