<?xml version="1.0" encoding="UTF-8"?>
<!-- Generated by org.testng.reporters.JUnitReportReporter -->
<testsuite hostname="Mitesh-PC" name="Demo" tests="1" failures="0" timestamp="6 Jan 2020 16:06:44 GMT" time="23.006" errors="0">
  <testcase name="bluestone" time="23.006" classname="Demo"/>
</testsuite> <!-- Demo -->
