<?xml version="1.0" encoding="UTF-8"?>
<!-- Generated by org.testng.reporters.JUnitReportReporter -->
<testsuite hostname="Mitesh-PC" name="DependsOnTestng" tests="4" failures="0" timestamp="7 Jan 2020 08:46:30 GMT" time="0.020" errors="0">
  <testcase name="demo2" time="0.002" classname="DependsOnTestng"/>
  <testcase name="demo3" time="0.002" classname="DependsOnTestng"/>
  <testcase name="demo" time="0.003" classname="DependsOnTestng"/>
  <testcase name="demo1" time="0.013" classname="DependsOnTestng"/>
</testsuite> <!-- DependsOnTestng -->
