<?xml version="1.0" encoding="UTF-8"?>
<!-- Generated by org.testng.reporters.JUnitReportReporter -->
<testsuite hostname="Mitesh-PC" name="Bluestone7Testng" tests="1" failures="0" timestamp="6 Jan 2020 16:53:33 GMT" time="27.206" errors="0">
  <testcase name="bluestone" time="27.206" classname="Bluestone7Testng"/>
</testsuite> <!-- Bluestone7Testng -->
