<?xml version="1.0" encoding="UTF-8"?>
<!-- Generated by org.testng.reporters.JUnitReportReporter -->
<testsuite hostname="Mitesh-PC" name="TestngDemo" tests="1" failures="0" timestamp="3 Jan 2020 09:39:10 GMT" time="5.236" errors="0">
  <testcase name="demo" time="5.236" classname="TestngDemo"/>
</testsuite> <!-- TestngDemo -->
