<?xml version="1.0" encoding="UTF-8"?>
<!-- Generated by org.testng.reporters.JUnitReportReporter -->
<testsuite hostname="Mitesh-PC" name="Jqueryui" tests="1" failures="0" timestamp="7 Jan 2020 07:55:41 GMT" time="81.292" errors="0">
  <testcase name="bluestone" time="81.292" classname="Jqueryui"/>
</testsuite> <!-- Jqueryui -->
