<?xml version="1.0" encoding="UTF-8"?>
<!-- Generated by org.testng.reporters.JUnitReportReporter -->
<testsuite hostname="Mitesh-PC" name="SoftAssert" tests="1" failures="0" timestamp="8 Jan 2020 09:36:30 GMT" time="0.044" errors="0">
  <testcase name="demo" time="0.044" classname="SoftAssert"/>
</testsuite> <!-- SoftAssert -->
