<?xml version="1.0" encoding="UTF-8"?>
<!-- Generated by org.testng.reporters.JUnitReportReporter -->
<testsuite hostname="Mitesh-PC" name="GoogleTestng" tests="1" failures="0" timestamp="7 Jan 2020 17:00:29 GMT" time="13.018" errors="0">
  <testcase name="google" time="13.018" classname="GoogleTestng"/>
</testsuite> <!-- GoogleTestng -->
